   1               		.file	"droplet_base.c"
   2               	__SP_H__ = 0x3e
   3               	__SP_L__ = 0x3d
   4               	__SREG__ = 0x3f
   5               	__RAMPZ__ = 0x3b
   6               	__CCP__ = 0x34
   7               	__tmp_reg__ = 0
   8               	__zero_reg__ = 1
   9               		.text
  10               	.Ltext0:
  11               		.cfi_sections	.debug_frame
  12               		.section	.text.delay_ms,"ax",@progbits
  13               	.global	delay_ms
  15               	delay_ms:
  16               	.LFB28:
  17               		.file 1 "../src/droplet_base.c"
   1:../src/droplet_base.c **** #include "droplet_base.h"
   2:../src/droplet_base.c **** 
   3:../src/droplet_base.c **** void delay_ms(uint16_t ms){
  18               		.loc 1 3 0
  19               		.cfi_startproc
  20               	.LVL0:
  21 0000 CF92      		push r12
  22               	.LCFI0:
  23               		.cfi_def_cfa_offset 4
  24               		.cfi_offset 12, -3
  25 0002 DF92      		push r13
  26               	.LCFI1:
  27               		.cfi_def_cfa_offset 5
  28               		.cfi_offset 13, -4
  29 0004 EF92      		push r14
  30               	.LCFI2:
  31               		.cfi_def_cfa_offset 6
  32               		.cfi_offset 14, -5
  33 0006 FF92      		push r15
  34               	.LCFI3:
  35               		.cfi_def_cfa_offset 7
  36               		.cfi_offset 15, -6
  37               	/* prologue: function */
  38               	/* frame size = 0 */
  39               	/* stack size = 4 */
  40               	.L__stack_usage = 4
  41 0008 7C01      		movw r14,r24
   4:../src/droplet_base.c **** 	uint32_t cur_time, end_time;
   5:../src/droplet_base.c **** 	cli(); cur_time = get_time(); sei();
  42               		.loc 1 5 0
  43               	/* #APP */
  44               	 ;  5 "../src/droplet_base.c" 1
  45 000a F894      		cli
  46               	 ;  0 "" 2
  47               	/* #NOAPP */
  48 000c 0E94 0000 		call get_time
  49               	.LVL1:
  50               	/* #APP */
  51               	 ;  5 "../src/droplet_base.c" 1
  52 0010 7894      		sei
  53               	 ;  0 "" 2
   6:../src/droplet_base.c **** 	end_time = cur_time + ms;
  54               		.loc 1 6 0
  55               	/* #NOAPP */
  56 0012 9B01      		movw r18,r22
  57 0014 AC01      		movw r20,r24
  58 0016 2E0D      		add r18,r14
  59 0018 3F1D      		adc r19,r15
  60 001a 411D      		adc r20,__zero_reg__
  61 001c 511D      		adc r21,__zero_reg__
  62 001e 6901      		movw r12,r18
  63 0020 7A01      		movw r14,r20
  64               	.LVL2:
  65 0022 00C0      		rjmp .L3
  66               	.LVL3:
  67               	.L2:
   7:../src/droplet_base.c **** 	while (1){
   8:../src/droplet_base.c **** 		cli();
   9:../src/droplet_base.c **** 		if (get_time() >= end_time){
  10:../src/droplet_base.c **** 			sei();
  11:../src/droplet_base.c **** 			return;
  12:../src/droplet_base.c **** 		}
  13:../src/droplet_base.c **** 		sei();
  68               		.loc 1 13 0
  69               	/* #APP */
  70               	 ;  13 "../src/droplet_base.c" 1
  71 0024 7894      		sei
  72               	 ;  0 "" 2
  73               	.LVL4:
  74               	/* #NOAPP */
  75               	.LBB8:
  76               	.LBB9:
  77               	.LBB10:
  78               		.file 2 "c:\\program files (x86)\\atmel\\studio\\7.0\\toolchain\\avr8\\avr8-gnu-toolchain\\avr\\in
   1:c:\program files (x86)\atmel\studio\7.0\toolchain\avr8\avr8-gnu-toolchain\avr\include\util\delay.h **** /* Copyright (c) 2002, Marek Michalkiewicz
   2:c:\program files (x86)\atmel\studio\7.0\toolchain\avr8\avr8-gnu-toolchain\avr\include\util\delay.h ****    Copyright (c) 2004,2005,2007 Joerg Wunsch
   3:c:\program files (x86)\atmel\studio\7.0\toolchain\avr8\avr8-gnu-toolchain\avr\include\util\delay.h ****    Copyright (c) 2007  Florin-Viorel Petrov
   4:c:\program files (x86)\atmel\studio\7.0\toolchain\avr8\avr8-gnu-toolchain\avr\include\util\delay.h ****    All rights reserved.
   5:c:\program files (x86)\atmel\studio\7.0\toolchain\avr8\avr8-gnu-toolchain\avr\include\util\delay.h **** 
   6:c:\program files (x86)\atmel\studio\7.0\toolchain\avr8\avr8-gnu-toolchain\avr\include\util\delay.h ****    Redistribution and use in source and binary forms, with or without
   7:c:\program files (x86)\atmel\studio\7.0\toolchain\avr8\avr8-gnu-toolchain\avr\include\util\delay.h ****    modification, are permitted provided that the following conditions are met:
   8:c:\program files (x86)\atmel\studio\7.0\toolchain\avr8\avr8-gnu-toolchain\avr\include\util\delay.h **** 
   9:c:\program files (x86)\atmel\studio\7.0\toolchain\avr8\avr8-gnu-toolchain\avr\include\util\delay.h ****    * Redistributions of source code must retain the above copyright
  10:c:\program files (x86)\atmel\studio\7.0\toolchain\avr8\avr8-gnu-toolchain\avr\include\util\delay.h ****      notice, this list of conditions and the following disclaimer.
  11:c:\program files (x86)\atmel\studio\7.0\toolchain\avr8\avr8-gnu-toolchain\avr\include\util\delay.h **** 
  12:c:\program files (x86)\atmel\studio\7.0\toolchain\avr8\avr8-gnu-toolchain\avr\include\util\delay.h ****    * Redistributions in binary form must reproduce the above copyright
  13:c:\program files (x86)\atmel\studio\7.0\toolchain\avr8\avr8-gnu-toolchain\avr\include\util\delay.h ****      notice, this list of conditions and the following disclaimer in
  14:c:\program files (x86)\atmel\studio\7.0\toolchain\avr8\avr8-gnu-toolchain\avr\include\util\delay.h ****      the documentation and/or other materials provided with the
  15:c:\program files (x86)\atmel\studio\7.0\toolchain\avr8\avr8-gnu-toolchain\avr\include\util\delay.h ****      distribution.
  16:c:\program files (x86)\atmel\studio\7.0\toolchain\avr8\avr8-gnu-toolchain\avr\include\util\delay.h **** 
  17:c:\program files (x86)\atmel\studio\7.0\toolchain\avr8\avr8-gnu-toolchain\avr\include\util\delay.h ****    * Neither the name of the copyright holders nor the names of
  18:c:\program files (x86)\atmel\studio\7.0\toolchain\avr8\avr8-gnu-toolchain\avr\include\util\delay.h ****      contributors may be used to endorse or promote products derived
  19:c:\program files (x86)\atmel\studio\7.0\toolchain\avr8\avr8-gnu-toolchain\avr\include\util\delay.h ****      from this software without specific prior written permission.
  20:c:\program files (x86)\atmel\studio\7.0\toolchain\avr8\avr8-gnu-toolchain\avr\include\util\delay.h **** 
  21:c:\program files (x86)\atmel\studio\7.0\toolchain\avr8\avr8-gnu-toolchain\avr\include\util\delay.h ****   THIS SOFTWARE IS PROVIDED BY THE COPYRIGHT HOLDERS AND CONTRIBUTORS "AS IS"
  22:c:\program files (x86)\atmel\studio\7.0\toolchain\avr8\avr8-gnu-toolchain\avr\include\util\delay.h ****   AND ANY EXPRESS OR IMPLIED WARRANTIES, INCLUDING, BUT NOT LIMITED TO, THE
  23:c:\program files (x86)\atmel\studio\7.0\toolchain\avr8\avr8-gnu-toolchain\avr\include\util\delay.h ****   IMPLIED WARRANTIES OF MERCHANTABILITY AND FITNESS FOR A PARTICULAR PURPOSE
  24:c:\program files (x86)\atmel\studio\7.0\toolchain\avr8\avr8-gnu-toolchain\avr\include\util\delay.h ****   ARE DISCLAIMED. IN NO EVENT SHALL THE COPYRIGHT OWNER OR CONTRIBUTORS BE
  25:c:\program files (x86)\atmel\studio\7.0\toolchain\avr8\avr8-gnu-toolchain\avr\include\util\delay.h ****   LIABLE FOR ANY DIRECT, INDIRECT, INCIDENTAL, SPECIAL, EXEMPLARY, OR
  26:c:\program files (x86)\atmel\studio\7.0\toolchain\avr8\avr8-gnu-toolchain\avr\include\util\delay.h ****   CONSEQUENTIAL DAMAGES (INCLUDING, BUT NOT LIMITED TO, PROCUREMENT OF
  27:c:\program files (x86)\atmel\studio\7.0\toolchain\avr8\avr8-gnu-toolchain\avr\include\util\delay.h ****   SUBSTITUTE GOODS OR SERVICES; LOSS OF USE, DATA, OR PROFITS; OR BUSINESS
  28:c:\program files (x86)\atmel\studio\7.0\toolchain\avr8\avr8-gnu-toolchain\avr\include\util\delay.h ****   INTERRUPTION) HOWEVER CAUSED AND ON ANY THEORY OF LIABILITY, WHETHER IN
  29:c:\program files (x86)\atmel\studio\7.0\toolchain\avr8\avr8-gnu-toolchain\avr\include\util\delay.h ****   CONTRACT, STRICT LIABILITY, OR TORT (INCLUDING NEGLIGENCE OR OTHERWISE)
  30:c:\program files (x86)\atmel\studio\7.0\toolchain\avr8\avr8-gnu-toolchain\avr\include\util\delay.h ****   ARISING IN ANY WAY OUT OF THE USE OF THIS SOFTWARE, EVEN IF ADVISED OF THE
  31:c:\program files (x86)\atmel\studio\7.0\toolchain\avr8\avr8-gnu-toolchain\avr\include\util\delay.h ****   POSSIBILITY OF SUCH DAMAGE. */
  32:c:\program files (x86)\atmel\studio\7.0\toolchain\avr8\avr8-gnu-toolchain\avr\include\util\delay.h **** 
  33:c:\program files (x86)\atmel\studio\7.0\toolchain\avr8\avr8-gnu-toolchain\avr\include\util\delay.h **** /* $Id$ */
  34:c:\program files (x86)\atmel\studio\7.0\toolchain\avr8\avr8-gnu-toolchain\avr\include\util\delay.h **** 
  35:c:\program files (x86)\atmel\studio\7.0\toolchain\avr8\avr8-gnu-toolchain\avr\include\util\delay.h **** #ifndef _UTIL_DELAY_H_
  36:c:\program files (x86)\atmel\studio\7.0\toolchain\avr8\avr8-gnu-toolchain\avr\include\util\delay.h **** #define _UTIL_DELAY_H_ 1
  37:c:\program files (x86)\atmel\studio\7.0\toolchain\avr8\avr8-gnu-toolchain\avr\include\util\delay.h **** 
  38:c:\program files (x86)\atmel\studio\7.0\toolchain\avr8\avr8-gnu-toolchain\avr\include\util\delay.h **** #ifndef __DOXYGEN__
  39:c:\program files (x86)\atmel\studio\7.0\toolchain\avr8\avr8-gnu-toolchain\avr\include\util\delay.h **** #  ifndef __HAS_DELAY_CYCLES
  40:c:\program files (x86)\atmel\studio\7.0\toolchain\avr8\avr8-gnu-toolchain\avr\include\util\delay.h **** #    define __HAS_DELAY_CYCLES 1
  41:c:\program files (x86)\atmel\studio\7.0\toolchain\avr8\avr8-gnu-toolchain\avr\include\util\delay.h **** #  endif
  42:c:\program files (x86)\atmel\studio\7.0\toolchain\avr8\avr8-gnu-toolchain\avr\include\util\delay.h **** #endif  /* __DOXYGEN__ */
  43:c:\program files (x86)\atmel\studio\7.0\toolchain\avr8\avr8-gnu-toolchain\avr\include\util\delay.h **** 
  44:c:\program files (x86)\atmel\studio\7.0\toolchain\avr8\avr8-gnu-toolchain\avr\include\util\delay.h **** #include <inttypes.h>
  45:c:\program files (x86)\atmel\studio\7.0\toolchain\avr8\avr8-gnu-toolchain\avr\include\util\delay.h **** #include <util/delay_basic.h>
  46:c:\program files (x86)\atmel\studio\7.0\toolchain\avr8\avr8-gnu-toolchain\avr\include\util\delay.h **** #include <math.h>
  47:c:\program files (x86)\atmel\studio\7.0\toolchain\avr8\avr8-gnu-toolchain\avr\include\util\delay.h **** 
  48:c:\program files (x86)\atmel\studio\7.0\toolchain\avr8\avr8-gnu-toolchain\avr\include\util\delay.h **** /** \file */
  49:c:\program files (x86)\atmel\studio\7.0\toolchain\avr8\avr8-gnu-toolchain\avr\include\util\delay.h **** /** \defgroup util_delay <util/delay.h>: Convenience functions for busy-wait delay loops
  50:c:\program files (x86)\atmel\studio\7.0\toolchain\avr8\avr8-gnu-toolchain\avr\include\util\delay.h ****     \code
  51:c:\program files (x86)\atmel\studio\7.0\toolchain\avr8\avr8-gnu-toolchain\avr\include\util\delay.h ****     #define F_CPU 1000000UL  // 1 MHz
  52:c:\program files (x86)\atmel\studio\7.0\toolchain\avr8\avr8-gnu-toolchain\avr\include\util\delay.h ****     //#define F_CPU 14.7456E6
  53:c:\program files (x86)\atmel\studio\7.0\toolchain\avr8\avr8-gnu-toolchain\avr\include\util\delay.h ****     #include <util/delay.h>
  54:c:\program files (x86)\atmel\studio\7.0\toolchain\avr8\avr8-gnu-toolchain\avr\include\util\delay.h ****     \endcode
  55:c:\program files (x86)\atmel\studio\7.0\toolchain\avr8\avr8-gnu-toolchain\avr\include\util\delay.h **** 
  56:c:\program files (x86)\atmel\studio\7.0\toolchain\avr8\avr8-gnu-toolchain\avr\include\util\delay.h ****     \note As an alternative method, it is possible to pass the
  57:c:\program files (x86)\atmel\studio\7.0\toolchain\avr8\avr8-gnu-toolchain\avr\include\util\delay.h ****     F_CPU macro down to the compiler from the Makefile.
  58:c:\program files (x86)\atmel\studio\7.0\toolchain\avr8\avr8-gnu-toolchain\avr\include\util\delay.h ****     Obviously, in that case, no \c \#define statement should be
  59:c:\program files (x86)\atmel\studio\7.0\toolchain\avr8\avr8-gnu-toolchain\avr\include\util\delay.h ****     used.
  60:c:\program files (x86)\atmel\studio\7.0\toolchain\avr8\avr8-gnu-toolchain\avr\include\util\delay.h **** 
  61:c:\program files (x86)\atmel\studio\7.0\toolchain\avr8\avr8-gnu-toolchain\avr\include\util\delay.h ****     The functions in this header file are wrappers around the basic
  62:c:\program files (x86)\atmel\studio\7.0\toolchain\avr8\avr8-gnu-toolchain\avr\include\util\delay.h ****     busy-wait functions from <util/delay_basic.h>.  They are meant as
  63:c:\program files (x86)\atmel\studio\7.0\toolchain\avr8\avr8-gnu-toolchain\avr\include\util\delay.h ****     convenience functions where actual time values can be specified
  64:c:\program files (x86)\atmel\studio\7.0\toolchain\avr8\avr8-gnu-toolchain\avr\include\util\delay.h ****     rather than a number of cycles to wait for.  The idea behind is
  65:c:\program files (x86)\atmel\studio\7.0\toolchain\avr8\avr8-gnu-toolchain\avr\include\util\delay.h ****     that compile-time constant expressions will be eliminated by
  66:c:\program files (x86)\atmel\studio\7.0\toolchain\avr8\avr8-gnu-toolchain\avr\include\util\delay.h ****     compiler optimization so floating-point expressions can be used
  67:c:\program files (x86)\atmel\studio\7.0\toolchain\avr8\avr8-gnu-toolchain\avr\include\util\delay.h ****     to calculate the number of delay cycles needed based on the CPU
  68:c:\program files (x86)\atmel\studio\7.0\toolchain\avr8\avr8-gnu-toolchain\avr\include\util\delay.h ****     frequency passed by the macro F_CPU.
  69:c:\program files (x86)\atmel\studio\7.0\toolchain\avr8\avr8-gnu-toolchain\avr\include\util\delay.h **** 
  70:c:\program files (x86)\atmel\studio\7.0\toolchain\avr8\avr8-gnu-toolchain\avr\include\util\delay.h ****     \note In order for these functions to work as intended, compiler
  71:c:\program files (x86)\atmel\studio\7.0\toolchain\avr8\avr8-gnu-toolchain\avr\include\util\delay.h ****     optimizations <em>must</em> be enabled, and the delay time
  72:c:\program files (x86)\atmel\studio\7.0\toolchain\avr8\avr8-gnu-toolchain\avr\include\util\delay.h ****     <em>must</em> be an expression that is a known constant at
  73:c:\program files (x86)\atmel\studio\7.0\toolchain\avr8\avr8-gnu-toolchain\avr\include\util\delay.h ****     compile-time.  If these requirements are not met, the resulting
  74:c:\program files (x86)\atmel\studio\7.0\toolchain\avr8\avr8-gnu-toolchain\avr\include\util\delay.h ****     delay will be much longer (and basically unpredictable), and
  75:c:\program files (x86)\atmel\studio\7.0\toolchain\avr8\avr8-gnu-toolchain\avr\include\util\delay.h ****     applications that otherwise do not use floating-point calculations
  76:c:\program files (x86)\atmel\studio\7.0\toolchain\avr8\avr8-gnu-toolchain\avr\include\util\delay.h ****     will experience severe code bloat by the floating-point library
  77:c:\program files (x86)\atmel\studio\7.0\toolchain\avr8\avr8-gnu-toolchain\avr\include\util\delay.h ****     routines linked into the application.
  78:c:\program files (x86)\atmel\studio\7.0\toolchain\avr8\avr8-gnu-toolchain\avr\include\util\delay.h **** 
  79:c:\program files (x86)\atmel\studio\7.0\toolchain\avr8\avr8-gnu-toolchain\avr\include\util\delay.h ****     The functions available allow the specification of microsecond, and
  80:c:\program files (x86)\atmel\studio\7.0\toolchain\avr8\avr8-gnu-toolchain\avr\include\util\delay.h ****     millisecond delays directly, using the application-supplied macro
  81:c:\program files (x86)\atmel\studio\7.0\toolchain\avr8\avr8-gnu-toolchain\avr\include\util\delay.h ****     F_CPU as the CPU clock frequency (in Hertz).
  82:c:\program files (x86)\atmel\studio\7.0\toolchain\avr8\avr8-gnu-toolchain\avr\include\util\delay.h **** 
  83:c:\program files (x86)\atmel\studio\7.0\toolchain\avr8\avr8-gnu-toolchain\avr\include\util\delay.h **** */
  84:c:\program files (x86)\atmel\studio\7.0\toolchain\avr8\avr8-gnu-toolchain\avr\include\util\delay.h **** 
  85:c:\program files (x86)\atmel\studio\7.0\toolchain\avr8\avr8-gnu-toolchain\avr\include\util\delay.h **** #if !defined(__DOXYGEN__)
  86:c:\program files (x86)\atmel\studio\7.0\toolchain\avr8\avr8-gnu-toolchain\avr\include\util\delay.h **** static __inline__ void _delay_us(double __us) __attribute__((__always_inline__));
  87:c:\program files (x86)\atmel\studio\7.0\toolchain\avr8\avr8-gnu-toolchain\avr\include\util\delay.h **** static __inline__ void _delay_ms(double __ms) __attribute__((__always_inline__));
  88:c:\program files (x86)\atmel\studio\7.0\toolchain\avr8\avr8-gnu-toolchain\avr\include\util\delay.h **** #endif
  89:c:\program files (x86)\atmel\studio\7.0\toolchain\avr8\avr8-gnu-toolchain\avr\include\util\delay.h **** 
  90:c:\program files (x86)\atmel\studio\7.0\toolchain\avr8\avr8-gnu-toolchain\avr\include\util\delay.h **** #ifndef F_CPU
  91:c:\program files (x86)\atmel\studio\7.0\toolchain\avr8\avr8-gnu-toolchain\avr\include\util\delay.h **** /* prevent compiler error by supplying a default */
  92:c:\program files (x86)\atmel\studio\7.0\toolchain\avr8\avr8-gnu-toolchain\avr\include\util\delay.h **** # warning "F_CPU not defined for <util/delay.h>"
  93:c:\program files (x86)\atmel\studio\7.0\toolchain\avr8\avr8-gnu-toolchain\avr\include\util\delay.h **** /** \ingroup util_delay
  94:c:\program files (x86)\atmel\studio\7.0\toolchain\avr8\avr8-gnu-toolchain\avr\include\util\delay.h ****     \def F_CPU
  95:c:\program files (x86)\atmel\studio\7.0\toolchain\avr8\avr8-gnu-toolchain\avr\include\util\delay.h ****     \brief CPU frequency in Hz
  96:c:\program files (x86)\atmel\studio\7.0\toolchain\avr8\avr8-gnu-toolchain\avr\include\util\delay.h **** 
  97:c:\program files (x86)\atmel\studio\7.0\toolchain\avr8\avr8-gnu-toolchain\avr\include\util\delay.h ****     The macro F_CPU specifies the CPU frequency to be considered by
  98:c:\program files (x86)\atmel\studio\7.0\toolchain\avr8\avr8-gnu-toolchain\avr\include\util\delay.h ****     the delay macros.  This macro is normally supplied by the
  99:c:\program files (x86)\atmel\studio\7.0\toolchain\avr8\avr8-gnu-toolchain\avr\include\util\delay.h ****     environment (e.g. from within a project header, or the project's
 100:c:\program files (x86)\atmel\studio\7.0\toolchain\avr8\avr8-gnu-toolchain\avr\include\util\delay.h ****     Makefile).  The value 1 MHz here is only provided as a "vanilla"
 101:c:\program files (x86)\atmel\studio\7.0\toolchain\avr8\avr8-gnu-toolchain\avr\include\util\delay.h ****     fallback if no such user-provided definition could be found.
 102:c:\program files (x86)\atmel\studio\7.0\toolchain\avr8\avr8-gnu-toolchain\avr\include\util\delay.h **** 
 103:c:\program files (x86)\atmel\studio\7.0\toolchain\avr8\avr8-gnu-toolchain\avr\include\util\delay.h ****     In terms of the delay functions, the CPU frequency can be given as
 104:c:\program files (x86)\atmel\studio\7.0\toolchain\avr8\avr8-gnu-toolchain\avr\include\util\delay.h ****     a floating-point constant (e.g. 3.6864E6 for 3.6864 MHz).
 105:c:\program files (x86)\atmel\studio\7.0\toolchain\avr8\avr8-gnu-toolchain\avr\include\util\delay.h ****     However, the macros in <util/setbaud.h> require it to be an
 106:c:\program files (x86)\atmel\studio\7.0\toolchain\avr8\avr8-gnu-toolchain\avr\include\util\delay.h ****     integer value.
 107:c:\program files (x86)\atmel\studio\7.0\toolchain\avr8\avr8-gnu-toolchain\avr\include\util\delay.h ****  */
 108:c:\program files (x86)\atmel\studio\7.0\toolchain\avr8\avr8-gnu-toolchain\avr\include\util\delay.h **** # define F_CPU 1000000UL
 109:c:\program files (x86)\atmel\studio\7.0\toolchain\avr8\avr8-gnu-toolchain\avr\include\util\delay.h **** #endif
 110:c:\program files (x86)\atmel\studio\7.0\toolchain\avr8\avr8-gnu-toolchain\avr\include\util\delay.h **** 
 111:c:\program files (x86)\atmel\studio\7.0\toolchain\avr8\avr8-gnu-toolchain\avr\include\util\delay.h **** #ifndef __OPTIMIZE__
 112:c:\program files (x86)\atmel\studio\7.0\toolchain\avr8\avr8-gnu-toolchain\avr\include\util\delay.h **** # warning "Compiler optimizations disabled; functions from <util/delay.h> won't work as designed"
 113:c:\program files (x86)\atmel\studio\7.0\toolchain\avr8\avr8-gnu-toolchain\avr\include\util\delay.h **** #endif
 114:c:\program files (x86)\atmel\studio\7.0\toolchain\avr8\avr8-gnu-toolchain\avr\include\util\delay.h **** 
 115:c:\program files (x86)\atmel\studio\7.0\toolchain\avr8\avr8-gnu-toolchain\avr\include\util\delay.h **** #if __HAS_DELAY_CYCLES && defined(__OPTIMIZE__) && \
 116:c:\program files (x86)\atmel\studio\7.0\toolchain\avr8\avr8-gnu-toolchain\avr\include\util\delay.h ****   !defined(__DELAY_BACKWARD_COMPATIBLE__) &&	   \
 117:c:\program files (x86)\atmel\studio\7.0\toolchain\avr8\avr8-gnu-toolchain\avr\include\util\delay.h ****   __STDC_HOSTED__
 118:c:\program files (x86)\atmel\studio\7.0\toolchain\avr8\avr8-gnu-toolchain\avr\include\util\delay.h **** #  include <math.h>
 119:c:\program files (x86)\atmel\studio\7.0\toolchain\avr8\avr8-gnu-toolchain\avr\include\util\delay.h **** #endif
 120:c:\program files (x86)\atmel\studio\7.0\toolchain\avr8\avr8-gnu-toolchain\avr\include\util\delay.h **** 
 121:c:\program files (x86)\atmel\studio\7.0\toolchain\avr8\avr8-gnu-toolchain\avr\include\util\delay.h **** /**
 122:c:\program files (x86)\atmel\studio\7.0\toolchain\avr8\avr8-gnu-toolchain\avr\include\util\delay.h ****    \ingroup util_delay
 123:c:\program files (x86)\atmel\studio\7.0\toolchain\avr8\avr8-gnu-toolchain\avr\include\util\delay.h **** 
 124:c:\program files (x86)\atmel\studio\7.0\toolchain\avr8\avr8-gnu-toolchain\avr\include\util\delay.h ****    Perform a delay of \c __ms milliseconds, using _delay_loop_2().
 125:c:\program files (x86)\atmel\studio\7.0\toolchain\avr8\avr8-gnu-toolchain\avr\include\util\delay.h **** 
 126:c:\program files (x86)\atmel\studio\7.0\toolchain\avr8\avr8-gnu-toolchain\avr\include\util\delay.h ****    The macro F_CPU is supposed to be defined to a
 127:c:\program files (x86)\atmel\studio\7.0\toolchain\avr8\avr8-gnu-toolchain\avr\include\util\delay.h ****    constant defining the CPU clock frequency (in Hertz).
 128:c:\program files (x86)\atmel\studio\7.0\toolchain\avr8\avr8-gnu-toolchain\avr\include\util\delay.h **** 
 129:c:\program files (x86)\atmel\studio\7.0\toolchain\avr8\avr8-gnu-toolchain\avr\include\util\delay.h ****    The maximal possible delay is 262.14 ms / F_CPU in MHz.
 130:c:\program files (x86)\atmel\studio\7.0\toolchain\avr8\avr8-gnu-toolchain\avr\include\util\delay.h **** 
 131:c:\program files (x86)\atmel\studio\7.0\toolchain\avr8\avr8-gnu-toolchain\avr\include\util\delay.h ****    When the user request delay which exceed the maximum possible one,
 132:c:\program files (x86)\atmel\studio\7.0\toolchain\avr8\avr8-gnu-toolchain\avr\include\util\delay.h ****    _delay_ms() provides a decreased resolution functionality. In this
 133:c:\program files (x86)\atmel\studio\7.0\toolchain\avr8\avr8-gnu-toolchain\avr\include\util\delay.h ****    mode _delay_ms() will work with a resolution of 1/10 ms, providing
 134:c:\program files (x86)\atmel\studio\7.0\toolchain\avr8\avr8-gnu-toolchain\avr\include\util\delay.h ****    delays up to 6.5535 seconds (independent from CPU frequency).  The
 135:c:\program files (x86)\atmel\studio\7.0\toolchain\avr8\avr8-gnu-toolchain\avr\include\util\delay.h ****    user will not be informed about decreased resolution.
 136:c:\program files (x86)\atmel\studio\7.0\toolchain\avr8\avr8-gnu-toolchain\avr\include\util\delay.h **** 
 137:c:\program files (x86)\atmel\studio\7.0\toolchain\avr8\avr8-gnu-toolchain\avr\include\util\delay.h ****    If the avr-gcc toolchain has __builtin_avr_delay_cycles()
 138:c:\program files (x86)\atmel\studio\7.0\toolchain\avr8\avr8-gnu-toolchain\avr\include\util\delay.h ****    support, maximal possible delay is 4294967.295 ms/ F_CPU in MHz. For
 139:c:\program files (x86)\atmel\studio\7.0\toolchain\avr8\avr8-gnu-toolchain\avr\include\util\delay.h ****    values greater than the maximal possible delay, overflows results in
 140:c:\program files (x86)\atmel\studio\7.0\toolchain\avr8\avr8-gnu-toolchain\avr\include\util\delay.h ****    no delay i.e., 0ms.
 141:c:\program files (x86)\atmel\studio\7.0\toolchain\avr8\avr8-gnu-toolchain\avr\include\util\delay.h **** 
 142:c:\program files (x86)\atmel\studio\7.0\toolchain\avr8\avr8-gnu-toolchain\avr\include\util\delay.h ****    Conversion of \c __ms into clock cycles may not always result in
 143:c:\program files (x86)\atmel\studio\7.0\toolchain\avr8\avr8-gnu-toolchain\avr\include\util\delay.h ****    integer.  By default, the clock cycles rounded up to next
 144:c:\program files (x86)\atmel\studio\7.0\toolchain\avr8\avr8-gnu-toolchain\avr\include\util\delay.h ****    integer. This ensures that the user gets at least \c __ms
 145:c:\program files (x86)\atmel\studio\7.0\toolchain\avr8\avr8-gnu-toolchain\avr\include\util\delay.h ****    microseconds of delay.
 146:c:\program files (x86)\atmel\studio\7.0\toolchain\avr8\avr8-gnu-toolchain\avr\include\util\delay.h **** 
 147:c:\program files (x86)\atmel\studio\7.0\toolchain\avr8\avr8-gnu-toolchain\avr\include\util\delay.h ****    Alternatively, by defining the macro \c __DELAY_ROUND_DOWN__, or
 148:c:\program files (x86)\atmel\studio\7.0\toolchain\avr8\avr8-gnu-toolchain\avr\include\util\delay.h ****    \c __DELAY_ROUND_CLOSEST__, before including this header file, the
 149:c:\program files (x86)\atmel\studio\7.0\toolchain\avr8\avr8-gnu-toolchain\avr\include\util\delay.h ****    algorithm can be made to round down, or round to closest integer,
 150:c:\program files (x86)\atmel\studio\7.0\toolchain\avr8\avr8-gnu-toolchain\avr\include\util\delay.h ****    respectively.
 151:c:\program files (x86)\atmel\studio\7.0\toolchain\avr8\avr8-gnu-toolchain\avr\include\util\delay.h **** 
 152:c:\program files (x86)\atmel\studio\7.0\toolchain\avr8\avr8-gnu-toolchain\avr\include\util\delay.h ****    \note
 153:c:\program files (x86)\atmel\studio\7.0\toolchain\avr8\avr8-gnu-toolchain\avr\include\util\delay.h **** 
 154:c:\program files (x86)\atmel\studio\7.0\toolchain\avr8\avr8-gnu-toolchain\avr\include\util\delay.h ****    The implementation of _delay_ms() based on
 155:c:\program files (x86)\atmel\studio\7.0\toolchain\avr8\avr8-gnu-toolchain\avr\include\util\delay.h ****    __builtin_avr_delay_cycles() is not backward compatible with older
 156:c:\program files (x86)\atmel\studio\7.0\toolchain\avr8\avr8-gnu-toolchain\avr\include\util\delay.h ****    implementations.  In order to get functionality backward compatible
 157:c:\program files (x86)\atmel\studio\7.0\toolchain\avr8\avr8-gnu-toolchain\avr\include\util\delay.h ****    with previous versions, the macro \c "__DELAY_BACKWARD_COMPATIBLE__"
 158:c:\program files (x86)\atmel\studio\7.0\toolchain\avr8\avr8-gnu-toolchain\avr\include\util\delay.h ****    must be defined before including this header file. Also, the
 159:c:\program files (x86)\atmel\studio\7.0\toolchain\avr8\avr8-gnu-toolchain\avr\include\util\delay.h ****    backward compatible algorithm will be chosen if the code is
 160:c:\program files (x86)\atmel\studio\7.0\toolchain\avr8\avr8-gnu-toolchain\avr\include\util\delay.h ****    compiled in a <em>freestanding environment</em> (GCC option
 161:c:\program files (x86)\atmel\studio\7.0\toolchain\avr8\avr8-gnu-toolchain\avr\include\util\delay.h ****    \c -ffreestanding), as the math functions required for rounding are
 162:c:\program files (x86)\atmel\studio\7.0\toolchain\avr8\avr8-gnu-toolchain\avr\include\util\delay.h ****    not available to the compiler then.
 163:c:\program files (x86)\atmel\studio\7.0\toolchain\avr8\avr8-gnu-toolchain\avr\include\util\delay.h **** 
 164:c:\program files (x86)\atmel\studio\7.0\toolchain\avr8\avr8-gnu-toolchain\avr\include\util\delay.h ****  */
 165:c:\program files (x86)\atmel\studio\7.0\toolchain\avr8\avr8-gnu-toolchain\avr\include\util\delay.h **** void
 166:c:\program files (x86)\atmel\studio\7.0\toolchain\avr8\avr8-gnu-toolchain\avr\include\util\delay.h **** _delay_ms(double __ms)
 167:c:\program files (x86)\atmel\studio\7.0\toolchain\avr8\avr8-gnu-toolchain\avr\include\util\delay.h **** {
 168:c:\program files (x86)\atmel\studio\7.0\toolchain\avr8\avr8-gnu-toolchain\avr\include\util\delay.h **** 	double __tmp ;
 169:c:\program files (x86)\atmel\studio\7.0\toolchain\avr8\avr8-gnu-toolchain\avr\include\util\delay.h **** #if __HAS_DELAY_CYCLES && defined(__OPTIMIZE__) && \
 170:c:\program files (x86)\atmel\studio\7.0\toolchain\avr8\avr8-gnu-toolchain\avr\include\util\delay.h ****   !defined(__DELAY_BACKWARD_COMPATIBLE__) &&	   \
 171:c:\program files (x86)\atmel\studio\7.0\toolchain\avr8\avr8-gnu-toolchain\avr\include\util\delay.h ****   __STDC_HOSTED__
 172:c:\program files (x86)\atmel\studio\7.0\toolchain\avr8\avr8-gnu-toolchain\avr\include\util\delay.h **** 	uint32_t __ticks_dc;
 173:c:\program files (x86)\atmel\studio\7.0\toolchain\avr8\avr8-gnu-toolchain\avr\include\util\delay.h **** 	extern void __builtin_avr_delay_cycles(unsigned long);
 174:c:\program files (x86)\atmel\studio\7.0\toolchain\avr8\avr8-gnu-toolchain\avr\include\util\delay.h **** 	__tmp = ((F_CPU) / 1e3) * __ms;
 175:c:\program files (x86)\atmel\studio\7.0\toolchain\avr8\avr8-gnu-toolchain\avr\include\util\delay.h **** 
 176:c:\program files (x86)\atmel\studio\7.0\toolchain\avr8\avr8-gnu-toolchain\avr\include\util\delay.h **** 	#if defined(__DELAY_ROUND_DOWN__)
 177:c:\program files (x86)\atmel\studio\7.0\toolchain\avr8\avr8-gnu-toolchain\avr\include\util\delay.h **** 		__ticks_dc = (uint32_t)fabs(__tmp);
 178:c:\program files (x86)\atmel\studio\7.0\toolchain\avr8\avr8-gnu-toolchain\avr\include\util\delay.h **** 
 179:c:\program files (x86)\atmel\studio\7.0\toolchain\avr8\avr8-gnu-toolchain\avr\include\util\delay.h **** 	#elif defined(__DELAY_ROUND_CLOSEST__)
 180:c:\program files (x86)\atmel\studio\7.0\toolchain\avr8\avr8-gnu-toolchain\avr\include\util\delay.h **** 		__ticks_dc = (uint32_t)(fabs(__tmp)+0.5);
 181:c:\program files (x86)\atmel\studio\7.0\toolchain\avr8\avr8-gnu-toolchain\avr\include\util\delay.h **** 
 182:c:\program files (x86)\atmel\studio\7.0\toolchain\avr8\avr8-gnu-toolchain\avr\include\util\delay.h **** 	#else
 183:c:\program files (x86)\atmel\studio\7.0\toolchain\avr8\avr8-gnu-toolchain\avr\include\util\delay.h **** 		//round up by default
 184:c:\program files (x86)\atmel\studio\7.0\toolchain\avr8\avr8-gnu-toolchain\avr\include\util\delay.h **** 		__ticks_dc = (uint32_t)(ceil(fabs(__tmp)));
 185:c:\program files (x86)\atmel\studio\7.0\toolchain\avr8\avr8-gnu-toolchain\avr\include\util\delay.h **** 	#endif
 186:c:\program files (x86)\atmel\studio\7.0\toolchain\avr8\avr8-gnu-toolchain\avr\include\util\delay.h **** 
 187:c:\program files (x86)\atmel\studio\7.0\toolchain\avr8\avr8-gnu-toolchain\avr\include\util\delay.h **** 	__builtin_avr_delay_cycles(__ticks_dc);
 188:c:\program files (x86)\atmel\studio\7.0\toolchain\avr8\avr8-gnu-toolchain\avr\include\util\delay.h **** 
 189:c:\program files (x86)\atmel\studio\7.0\toolchain\avr8\avr8-gnu-toolchain\avr\include\util\delay.h **** #else
 190:c:\program files (x86)\atmel\studio\7.0\toolchain\avr8\avr8-gnu-toolchain\avr\include\util\delay.h **** 	uint16_t __ticks;
 191:c:\program files (x86)\atmel\studio\7.0\toolchain\avr8\avr8-gnu-toolchain\avr\include\util\delay.h **** 	__tmp = ((F_CPU) / 4e3) * __ms;
 192:c:\program files (x86)\atmel\studio\7.0\toolchain\avr8\avr8-gnu-toolchain\avr\include\util\delay.h **** 	if (__tmp < 1.0)
 193:c:\program files (x86)\atmel\studio\7.0\toolchain\avr8\avr8-gnu-toolchain\avr\include\util\delay.h **** 		__ticks = 1;
 194:c:\program files (x86)\atmel\studio\7.0\toolchain\avr8\avr8-gnu-toolchain\avr\include\util\delay.h **** 	else if (__tmp > 65535)
 195:c:\program files (x86)\atmel\studio\7.0\toolchain\avr8\avr8-gnu-toolchain\avr\include\util\delay.h **** 	{
 196:c:\program files (x86)\atmel\studio\7.0\toolchain\avr8\avr8-gnu-toolchain\avr\include\util\delay.h **** 		//	__ticks = requested delay in 1/10 ms
 197:c:\program files (x86)\atmel\studio\7.0\toolchain\avr8\avr8-gnu-toolchain\avr\include\util\delay.h **** 		__ticks = (uint16_t) (__ms * 10.0);
 198:c:\program files (x86)\atmel\studio\7.0\toolchain\avr8\avr8-gnu-toolchain\avr\include\util\delay.h **** 		while(__ticks)
 199:c:\program files (x86)\atmel\studio\7.0\toolchain\avr8\avr8-gnu-toolchain\avr\include\util\delay.h **** 		{
 200:c:\program files (x86)\atmel\studio\7.0\toolchain\avr8\avr8-gnu-toolchain\avr\include\util\delay.h **** 			// wait 1/10 ms
 201:c:\program files (x86)\atmel\studio\7.0\toolchain\avr8\avr8-gnu-toolchain\avr\include\util\delay.h **** 			_delay_loop_2(((F_CPU) / 4e3) / 10);
 202:c:\program files (x86)\atmel\studio\7.0\toolchain\avr8\avr8-gnu-toolchain\avr\include\util\delay.h **** 			__ticks --;
 203:c:\program files (x86)\atmel\studio\7.0\toolchain\avr8\avr8-gnu-toolchain\avr\include\util\delay.h **** 		}
 204:c:\program files (x86)\atmel\studio\7.0\toolchain\avr8\avr8-gnu-toolchain\avr\include\util\delay.h **** 		return;
 205:c:\program files (x86)\atmel\studio\7.0\toolchain\avr8\avr8-gnu-toolchain\avr\include\util\delay.h **** 	}
 206:c:\program files (x86)\atmel\studio\7.0\toolchain\avr8\avr8-gnu-toolchain\avr\include\util\delay.h **** 	else
 207:c:\program files (x86)\atmel\studio\7.0\toolchain\avr8\avr8-gnu-toolchain\avr\include\util\delay.h **** 		__ticks = (uint16_t)__tmp;
 208:c:\program files (x86)\atmel\studio\7.0\toolchain\avr8\avr8-gnu-toolchain\avr\include\util\delay.h **** 	_delay_loop_2(__ticks);
 209:c:\program files (x86)\atmel\studio\7.0\toolchain\avr8\avr8-gnu-toolchain\avr\include\util\delay.h **** #endif
 210:c:\program files (x86)\atmel\studio\7.0\toolchain\avr8\avr8-gnu-toolchain\avr\include\util\delay.h **** }
 211:c:\program files (x86)\atmel\studio\7.0\toolchain\avr8\avr8-gnu-toolchain\avr\include\util\delay.h **** 
 212:c:\program files (x86)\atmel\studio\7.0\toolchain\avr8\avr8-gnu-toolchain\avr\include\util\delay.h **** /**
 213:c:\program files (x86)\atmel\studio\7.0\toolchain\avr8\avr8-gnu-toolchain\avr\include\util\delay.h ****    \ingroup util_delay
 214:c:\program files (x86)\atmel\studio\7.0\toolchain\avr8\avr8-gnu-toolchain\avr\include\util\delay.h **** 
 215:c:\program files (x86)\atmel\studio\7.0\toolchain\avr8\avr8-gnu-toolchain\avr\include\util\delay.h ****    Perform a delay of \c __us microseconds, using _delay_loop_1().
 216:c:\program files (x86)\atmel\studio\7.0\toolchain\avr8\avr8-gnu-toolchain\avr\include\util\delay.h **** 
 217:c:\program files (x86)\atmel\studio\7.0\toolchain\avr8\avr8-gnu-toolchain\avr\include\util\delay.h ****    The macro F_CPU is supposed to be defined to a
 218:c:\program files (x86)\atmel\studio\7.0\toolchain\avr8\avr8-gnu-toolchain\avr\include\util\delay.h ****    constant defining the CPU clock frequency (in Hertz).
 219:c:\program files (x86)\atmel\studio\7.0\toolchain\avr8\avr8-gnu-toolchain\avr\include\util\delay.h **** 
 220:c:\program files (x86)\atmel\studio\7.0\toolchain\avr8\avr8-gnu-toolchain\avr\include\util\delay.h ****    The maximal possible delay is 768 us / F_CPU in MHz.
 221:c:\program files (x86)\atmel\studio\7.0\toolchain\avr8\avr8-gnu-toolchain\avr\include\util\delay.h **** 
 222:c:\program files (x86)\atmel\studio\7.0\toolchain\avr8\avr8-gnu-toolchain\avr\include\util\delay.h ****    If the user requests a delay greater than the maximal possible one,
 223:c:\program files (x86)\atmel\studio\7.0\toolchain\avr8\avr8-gnu-toolchain\avr\include\util\delay.h ****    _delay_us() will automatically call _delay_ms() instead.  The user
 224:c:\program files (x86)\atmel\studio\7.0\toolchain\avr8\avr8-gnu-toolchain\avr\include\util\delay.h ****    will not be informed about this case.
 225:c:\program files (x86)\atmel\studio\7.0\toolchain\avr8\avr8-gnu-toolchain\avr\include\util\delay.h **** 
 226:c:\program files (x86)\atmel\studio\7.0\toolchain\avr8\avr8-gnu-toolchain\avr\include\util\delay.h ****    If the avr-gcc toolchain has __builtin_avr_delay_cycles()
 227:c:\program files (x86)\atmel\studio\7.0\toolchain\avr8\avr8-gnu-toolchain\avr\include\util\delay.h ****    support, maximal possible delay is 4294967.295 us/ F_CPU in MHz. For
 228:c:\program files (x86)\atmel\studio\7.0\toolchain\avr8\avr8-gnu-toolchain\avr\include\util\delay.h ****    values greater than the maximal possible delay, overflow results in
 229:c:\program files (x86)\atmel\studio\7.0\toolchain\avr8\avr8-gnu-toolchain\avr\include\util\delay.h ****    no delay i.e., 0us.
 230:c:\program files (x86)\atmel\studio\7.0\toolchain\avr8\avr8-gnu-toolchain\avr\include\util\delay.h **** 
 231:c:\program files (x86)\atmel\studio\7.0\toolchain\avr8\avr8-gnu-toolchain\avr\include\util\delay.h ****    Conversion of \c __us into clock cycles may not always result in
 232:c:\program files (x86)\atmel\studio\7.0\toolchain\avr8\avr8-gnu-toolchain\avr\include\util\delay.h ****    integer.  By default, the clock cycles rounded up to next
 233:c:\program files (x86)\atmel\studio\7.0\toolchain\avr8\avr8-gnu-toolchain\avr\include\util\delay.h ****    integer. This ensures that the user gets at least \c __us
 234:c:\program files (x86)\atmel\studio\7.0\toolchain\avr8\avr8-gnu-toolchain\avr\include\util\delay.h ****    microseconds of delay.
 235:c:\program files (x86)\atmel\studio\7.0\toolchain\avr8\avr8-gnu-toolchain\avr\include\util\delay.h **** 
 236:c:\program files (x86)\atmel\studio\7.0\toolchain\avr8\avr8-gnu-toolchain\avr\include\util\delay.h ****    Alternatively, by defining the macro \c __DELAY_ROUND_DOWN__, or
 237:c:\program files (x86)\atmel\studio\7.0\toolchain\avr8\avr8-gnu-toolchain\avr\include\util\delay.h ****    \c __DELAY_ROUND_CLOSEST__, before including this header file, the
 238:c:\program files (x86)\atmel\studio\7.0\toolchain\avr8\avr8-gnu-toolchain\avr\include\util\delay.h ****    algorithm can be made to round down, or round to closest integer,
 239:c:\program files (x86)\atmel\studio\7.0\toolchain\avr8\avr8-gnu-toolchain\avr\include\util\delay.h ****    respectively.
 240:c:\program files (x86)\atmel\studio\7.0\toolchain\avr8\avr8-gnu-toolchain\avr\include\util\delay.h **** 
 241:c:\program files (x86)\atmel\studio\7.0\toolchain\avr8\avr8-gnu-toolchain\avr\include\util\delay.h ****    \note
 242:c:\program files (x86)\atmel\studio\7.0\toolchain\avr8\avr8-gnu-toolchain\avr\include\util\delay.h **** 
 243:c:\program files (x86)\atmel\studio\7.0\toolchain\avr8\avr8-gnu-toolchain\avr\include\util\delay.h ****    The implementation of _delay_ms() based on
 244:c:\program files (x86)\atmel\studio\7.0\toolchain\avr8\avr8-gnu-toolchain\avr\include\util\delay.h ****    __builtin_avr_delay_cycles() is not backward compatible with older
 245:c:\program files (x86)\atmel\studio\7.0\toolchain\avr8\avr8-gnu-toolchain\avr\include\util\delay.h ****    implementations.  In order to get functionality backward compatible
 246:c:\program files (x86)\atmel\studio\7.0\toolchain\avr8\avr8-gnu-toolchain\avr\include\util\delay.h ****    with previous versions, the macro \c __DELAY_BACKWARD_COMPATIBLE__
 247:c:\program files (x86)\atmel\studio\7.0\toolchain\avr8\avr8-gnu-toolchain\avr\include\util\delay.h ****    must be defined before including this header file. Also, the
 248:c:\program files (x86)\atmel\studio\7.0\toolchain\avr8\avr8-gnu-toolchain\avr\include\util\delay.h ****    backward compatible algorithm will be chosen if the code is
 249:c:\program files (x86)\atmel\studio\7.0\toolchain\avr8\avr8-gnu-toolchain\avr\include\util\delay.h ****    compiled in a <em>freestanding environment</em> (GCC option
 250:c:\program files (x86)\atmel\studio\7.0\toolchain\avr8\avr8-gnu-toolchain\avr\include\util\delay.h ****    \c -ffreestanding), as the math functions required for rounding are
 251:c:\program files (x86)\atmel\studio\7.0\toolchain\avr8\avr8-gnu-toolchain\avr\include\util\delay.h ****    not available to the compiler then.
 252:c:\program files (x86)\atmel\studio\7.0\toolchain\avr8\avr8-gnu-toolchain\avr\include\util\delay.h **** 
 253:c:\program files (x86)\atmel\studio\7.0\toolchain\avr8\avr8-gnu-toolchain\avr\include\util\delay.h ****  */
 254:c:\program files (x86)\atmel\studio\7.0\toolchain\avr8\avr8-gnu-toolchain\avr\include\util\delay.h **** void
 255:c:\program files (x86)\atmel\studio\7.0\toolchain\avr8\avr8-gnu-toolchain\avr\include\util\delay.h **** _delay_us(double __us)
 256:c:\program files (x86)\atmel\studio\7.0\toolchain\avr8\avr8-gnu-toolchain\avr\include\util\delay.h **** {
 257:c:\program files (x86)\atmel\studio\7.0\toolchain\avr8\avr8-gnu-toolchain\avr\include\util\delay.h **** 	double __tmp ;
 258:c:\program files (x86)\atmel\studio\7.0\toolchain\avr8\avr8-gnu-toolchain\avr\include\util\delay.h **** #if __HAS_DELAY_CYCLES && defined(__OPTIMIZE__) && \
 259:c:\program files (x86)\atmel\studio\7.0\toolchain\avr8\avr8-gnu-toolchain\avr\include\util\delay.h ****   !defined(__DELAY_BACKWARD_COMPATIBLE__) &&	   \
 260:c:\program files (x86)\atmel\studio\7.0\toolchain\avr8\avr8-gnu-toolchain\avr\include\util\delay.h ****   __STDC_HOSTED__
 261:c:\program files (x86)\atmel\studio\7.0\toolchain\avr8\avr8-gnu-toolchain\avr\include\util\delay.h **** 	uint32_t __ticks_dc;
 262:c:\program files (x86)\atmel\studio\7.0\toolchain\avr8\avr8-gnu-toolchain\avr\include\util\delay.h **** 	extern void __builtin_avr_delay_cycles(unsigned long);
 263:c:\program files (x86)\atmel\studio\7.0\toolchain\avr8\avr8-gnu-toolchain\avr\include\util\delay.h **** 	__tmp = ((F_CPU) / 1e6) * __us;
 264:c:\program files (x86)\atmel\studio\7.0\toolchain\avr8\avr8-gnu-toolchain\avr\include\util\delay.h **** 
 265:c:\program files (x86)\atmel\studio\7.0\toolchain\avr8\avr8-gnu-toolchain\avr\include\util\delay.h **** 	#if defined(__DELAY_ROUND_DOWN__)
 266:c:\program files (x86)\atmel\studio\7.0\toolchain\avr8\avr8-gnu-toolchain\avr\include\util\delay.h **** 		__ticks_dc = (uint32_t)fabs(__tmp);
 267:c:\program files (x86)\atmel\studio\7.0\toolchain\avr8\avr8-gnu-toolchain\avr\include\util\delay.h **** 
 268:c:\program files (x86)\atmel\studio\7.0\toolchain\avr8\avr8-gnu-toolchain\avr\include\util\delay.h **** 	#elif defined(__DELAY_ROUND_CLOSEST__)
 269:c:\program files (x86)\atmel\studio\7.0\toolchain\avr8\avr8-gnu-toolchain\avr\include\util\delay.h **** 		__ticks_dc = (uint32_t)(fabs(__tmp)+0.5);
 270:c:\program files (x86)\atmel\studio\7.0\toolchain\avr8\avr8-gnu-toolchain\avr\include\util\delay.h **** 
 271:c:\program files (x86)\atmel\studio\7.0\toolchain\avr8\avr8-gnu-toolchain\avr\include\util\delay.h **** 	#else
 272:c:\program files (x86)\atmel\studio\7.0\toolchain\avr8\avr8-gnu-toolchain\avr\include\util\delay.h **** 		//round up by default
 273:c:\program files (x86)\atmel\studio\7.0\toolchain\avr8\avr8-gnu-toolchain\avr\include\util\delay.h **** 		__ticks_dc = (uint32_t)(ceil(fabs(__tmp)));
 274:c:\program files (x86)\atmel\studio\7.0\toolchain\avr8\avr8-gnu-toolchain\avr\include\util\delay.h **** 	#endif
 275:c:\program files (x86)\atmel\studio\7.0\toolchain\avr8\avr8-gnu-toolchain\avr\include\util\delay.h **** 
 276:c:\program files (x86)\atmel\studio\7.0\toolchain\avr8\avr8-gnu-toolchain\avr\include\util\delay.h **** 	__builtin_avr_delay_cycles(__ticks_dc);
  79               		.loc 2 276 0
  80 0026 3AE6      		ldi r19,lo8(106)
  81 0028 3A95      	1:	dec r19
  82 002a 01F4      		brne 1b
  83 002c 00C0      		rjmp .
  84               	.LVL5:
  85               	.L3:
  86               	.LBE10:
  87               	.LBE9:
  88               	.LBE8:
   8:../src/droplet_base.c **** 		if (get_time() >= end_time){
  89               		.loc 1 8 0
  90               	/* #APP */
  91               	 ;  8 "../src/droplet_base.c" 1
  92 002e F894      		cli
  93               	 ;  0 "" 2
   9:../src/droplet_base.c **** 			sei();
  94               		.loc 1 9 0
  95               	/* #NOAPP */
  96 0030 0E94 0000 		call get_time
  97               	.LVL6:
  98 0034 6C15      		cp r22,r12
  99 0036 7D05      		cpc r23,r13
 100 0038 8E05      		cpc r24,r14
 101 003a 9F05      		cpc r25,r15
 102 003c 00F0      		brlo .L2
  10:../src/droplet_base.c **** 			return;
 103               		.loc 1 10 0
 104               	/* #APP */
 105               	 ;  10 "../src/droplet_base.c" 1
 106 003e 7894      		sei
 107               	 ;  0 "" 2
 108               	/* epilogue start */
  14:../src/droplet_base.c **** 		delay_us(10);
  15:../src/droplet_base.c **** 	}
  16:../src/droplet_base.c **** }
 109               		.loc 1 16 0
 110               	/* #NOAPP */
 111 0040 FF90      		pop r15
 112 0042 EF90      		pop r14
 113               	.LVL7:
 114 0044 DF90      		pop r13
 115 0046 CF90      		pop r12
 116               	.LVL8:
 117 0048 0895      		ret
 118               		.cfi_endproc
 119               	.LFE28:
 121               		.comm	rtc_epoch,2,1
 122               		.comm	droplet_ID,2,1
 123               		.text
 124               	.Letext0:
 125               		.file 3 "c:\\program files (x86)\\atmel\\studio\\7.0\\toolchain\\avr8\\avr8-gnu-toolchain\\avr\\in
 126               		.file 4 "../include/droplet_base.h"
DEFINED SYMBOLS
                            *ABS*:00000000 droplet_base.c
C:\Users\JOHNK~1\AppData\Local\Temp\ccNWbAOG.s:2      *ABS*:0000003e __SP_H__
C:\Users\JOHNK~1\AppData\Local\Temp\ccNWbAOG.s:3      *ABS*:0000003d __SP_L__
C:\Users\JOHNK~1\AppData\Local\Temp\ccNWbAOG.s:4      *ABS*:0000003f __SREG__
C:\Users\JOHNK~1\AppData\Local\Temp\ccNWbAOG.s:5      *ABS*:0000003b __RAMPZ__
C:\Users\JOHNK~1\AppData\Local\Temp\ccNWbAOG.s:6      *ABS*:00000034 __CCP__
C:\Users\JOHNK~1\AppData\Local\Temp\ccNWbAOG.s:7      *ABS*:00000000 __tmp_reg__
C:\Users\JOHNK~1\AppData\Local\Temp\ccNWbAOG.s:8      *ABS*:00000001 __zero_reg__
C:\Users\JOHNK~1\AppData\Local\Temp\ccNWbAOG.s:15     .text.delay_ms:00000000 delay_ms
                            *COM*:00000002 rtc_epoch
                            *COM*:00000002 droplet_ID

UNDEFINED SYMBOLS
get_time
__do_clear_bss
