   1               		.file	"mic.c"
   2               	__SP_H__ = 0x3e
   3               	__SP_L__ = 0x3d
   4               	__SREG__ = 0x3f
   5               	__RAMPZ__ = 0x3b
   6               	__CCP__ = 0x34
   7               	__tmp_reg__ = 0
   8               	__zero_reg__ = 1
   9               		.text
  10               	.Ltext0:
  11               		.cfi_sections	.debug_frame
  12               		.section	.text.mic_init,"ax",@progbits
  13               	.global	mic_init
  15               	mic_init:
  16               	.LFB28:
  17               		.file 1 "../src/mic.c"
   1:../src/mic.c  **** #include "mic.h"
   2:../src/mic.c  **** 
   3:../src/mic.c  **** #ifdef AUDIO_DROPLET
   4:../src/mic.c  **** static const char FORMATTED_PRINT_STRING[] PROGMEM = "%4d, ";
   5:../src/mic.c  **** static int16_t get_mic_reading(void);
   6:../src/mic.c  **** #endif
   7:../src/mic.c  **** 
   8:../src/mic.c  **** //The code below assumes that ir_sensor_init() has already been called, which does some of the set 
   9:../src/mic.c  **** void mic_init(){
  18               		.loc 1 9 0
  19               		.cfi_startproc
  20               	/* prologue: function */
  21               	/* frame size = 0 */
  22               	/* stack size = 0 */
  23               	.L__stack_usage = 0
  10:../src/mic.c  **** 	#ifdef AUDIO_DROPLET	
  11:../src/mic.c  **** 		PORTB.DIRCLR = PIN5_bm;
  12:../src/mic.c  **** 		PORTB.PIN5CTRL = PORT_OPC_WIREDOR_gc | PORT_ISC_INPUT_DISABLE_gc;
  13:../src/mic.c  **** 		PORTD.DIRCLR = PIN5_bm;
  14:../src/mic.c  **** 		PORTD.PIN5CTRL = PORT_ISC_INPUT_DISABLE_gc;
  15:../src/mic.c  **** 
  16:../src/mic.c  **** 		ADCB.CH3.CTRL = ADC_CH_INPUTMODE_DIFFWGAIN_gc | ADC_CH_GAIN_8X_gc;
  17:../src/mic.c  **** 		ADCB.CH3.MUXCTRL = ADC_CH_MUXNEG_INTGND_MODE4_gc | ADC_CH_MUXPOS_PIN5_gc;
  18:../src/mic.c  **** 	#else
  19:../src/mic.c  **** 		printf_P(PSTR("ERROR: mic_init called, but this Droplet doesn't have a mic!\r\n"));		
  24               		.loc 1 19 0
  25 0000 80E0      		ldi r24,lo8(__c.4674)
  26 0002 90E0      		ldi r25,hi8(__c.4674)
  27 0004 9F93      		push r25
  28               	.LCFI0:
  29               		.cfi_def_cfa_offset 4
  30 0006 8F93      		push r24
  31               	.LCFI1:
  32               		.cfi_def_cfa_offset 5
  33 0008 0E94 0000 		call printf_P
  34               	.LVL0:
  20:../src/mic.c  **** 	#endif
  21:../src/mic.c  **** }
  35               		.loc 1 21 0
  36 000c 0F90      		pop __tmp_reg__
  37 000e 0F90      		pop __tmp_reg__
  38               	.LCFI2:
  39               		.cfi_def_cfa_offset 3
  40 0010 0895      		ret
  41               		.cfi_endproc
  42               	.LFE28:
  44               		.section	.progmem.data.__c.4674,"a",@progbits
  47               	__c.4674:
  48 0000 4552 524F 		.string	"ERROR: mic_init called, but this Droplet doesn't have a mic!\r\n"
  48      523A 206D 
  48      6963 5F69 
  48      6E69 7420 
  48      6361 6C6C 
  49               		.comm	rtc_epoch,2,1
  50               		.comm	droplet_ID,2,1
  51               		.text
  52               	.Letext0:
  53               		.file 2 "c:\\program files (x86)\\atmel\\studio\\7.0\\toolchain\\avr8\\avr8-gnu-toolchain\\avr\\in
  54               		.file 3 "../include/droplet_base.h"
  55               		.file 4 "c:\\program files (x86)\\atmel\\studio\\7.0\\toolchain\\avr8\\avr8-gnu-toolchain\\avr\\in
DEFINED SYMBOLS
                            *ABS*:00000000 mic.c
C:\Users\JOHNK~1\AppData\Local\Temp\cca9pQgG.s:2      *ABS*:0000003e __SP_H__
C:\Users\JOHNK~1\AppData\Local\Temp\cca9pQgG.s:3      *ABS*:0000003d __SP_L__
C:\Users\JOHNK~1\AppData\Local\Temp\cca9pQgG.s:4      *ABS*:0000003f __SREG__
C:\Users\JOHNK~1\AppData\Local\Temp\cca9pQgG.s:5      *ABS*:0000003b __RAMPZ__
C:\Users\JOHNK~1\AppData\Local\Temp\cca9pQgG.s:6      *ABS*:00000034 __CCP__
C:\Users\JOHNK~1\AppData\Local\Temp\cca9pQgG.s:7      *ABS*:00000000 __tmp_reg__
C:\Users\JOHNK~1\AppData\Local\Temp\cca9pQgG.s:8      *ABS*:00000001 __zero_reg__
C:\Users\JOHNK~1\AppData\Local\Temp\cca9pQgG.s:15     .text.mic_init:00000000 mic_init
C:\Users\JOHNK~1\AppData\Local\Temp\cca9pQgG.s:47     .progmem.data.__c.4674:00000000 __c.4674
                            *COM*:00000002 rtc_epoch
                            *COM*:00000002 droplet_ID

UNDEFINED SYMBOLS
printf_P
__do_clear_bss
