   1               		.file	"speaker.c"
   2               	__SP_H__ = 0x3e
   3               	__SP_L__ = 0x3d
   4               	__SREG__ = 0x3f
   5               	__RAMPZ__ = 0x3b
   6               	__CCP__ = 0x34
   7               	__tmp_reg__ = 0
   8               	__zero_reg__ = 1
   9               		.text
  10               	.Ltext0:
  11               		.cfi_sections	.debug_frame
  12               		.section	.text.speaker_init,"ax",@progbits
  13               	.global	speaker_init
  15               	speaker_init:
  16               	.LFB36:
  17               		.file 1 "../src/speaker.c"
   1:../src/speaker.c **** #include "speaker.h"
   2:../src/speaker.c **** 
   3:../src/speaker.c **** #ifdef AUDIO_DROPLET
   4:../src/speaker.c **** const uint16_t note_values[6][12] = {{NOTE_C2, NOTE_CS2, NOTE_D2, NOTE_DS2, NOTE_E2, NOTE_F2, NOTE_
   5:../src/speaker.c **** {NOTE_C3, NOTE_CS3, NOTE_D3, NOTE_DS3, NOTE_E3, NOTE_F3, NOTE_FS3, NOTE_G3, NOTE_GS3, NOTE_A3, NOTE
   6:../src/speaker.c **** {NOTE_C4, NOTE_CS4, NOTE_D4, NOTE_DS4, NOTE_E4, NOTE_F4, NOTE_FS4, NOTE_G4, NOTE_GS4, NOTE_A4, NOTE
   7:../src/speaker.c **** {NOTE_C5, NOTE_CS5, NOTE_D5, NOTE_DS5, NOTE_E5, NOTE_F5, NOTE_FS5, NOTE_G5, NOTE_GS5, NOTE_A5, NOTE
   8:../src/speaker.c **** {NOTE_C6, NOTE_CS6, NOTE_D6, NOTE_DS6, NOTE_E6, NOTE_F6, NOTE_FS6, NOTE_G6, NOTE_GS6, NOTE_A6, NOTE
   9:../src/speaker.c **** {NOTE_C7, NOTE_CS7, NOTE_D7, NOTE_DS7, NOTE_E7, NOTE_F7, NOTE_FS7, NOTE_G7, NOTE_GS7, NOTE_A7, NOTE
  10:../src/speaker.c **** 
  11:../src/speaker.c **** static uint8_t local_notes[MAX_NOTES_PER_SONG];
  12:../src/speaker.c **** static uint16_t local_durs[MAX_NOTES_PER_SONG];
  13:../src/speaker.c **** static uint8_t curr_song_len;
  14:../src/speaker.c **** static uint8_t auto_pause;
  15:../src/speaker.c **** static uint8_t song_playing;
  16:../src/speaker.c **** volatile uint16_t curr_song_idx;
  17:../src/speaker.c **** #endif
  18:../src/speaker.c **** 
  19:../src/speaker.c **** void speaker_init()
  20:../src/speaker.c **** {
  18               		.loc 1 20 0
  19               		.cfi_startproc
  20               	/* prologue: function */
  21               	/* frame size = 0 */
  22               	/* stack size = 0 */
  23               	.L__stack_usage = 0
  21:../src/speaker.c **** 	#ifdef AUDIO_DROPLET
  22:../src/speaker.c **** 	PORTC.DIRSET =  PIN0_bm | PIN1_bm;
  23:../src/speaker.c **** 	TCC0.CTRLA = TC_CLKSEL_DIV64_gc;
  24:../src/speaker.c **** 	TCC0.CTRLB = TC_WGMODE_FRQ_gc;
  25:../src/speaker.c **** 	PORTC.PIN1CTRL = PORT_INVEN_bm;
  26:../src/speaker.c **** 	PORTC.PIN0CTRL = PORT_INVEN_bm;
  27:../src/speaker.c **** 
  28:../src/speaker.c **** 	song_playing = 0;
  29:../src/speaker.c **** 	#else
  30:../src/speaker.c **** 	printf_P(PSTR("ERROR: speaker_init called, but this Droplet doesn't have a speaker.\r\n"));
  24               		.loc 1 30 0
  25 0000 80E0      		ldi r24,lo8(__c.4752)
  26 0002 90E0      		ldi r25,hi8(__c.4752)
  27 0004 9F93      		push r25
  28               	.LCFI0:
  29               		.cfi_def_cfa_offset 4
  30 0006 8F93      		push r24
  31               	.LCFI1:
  32               		.cfi_def_cfa_offset 5
  33 0008 0E94 0000 		call printf_P
  34               	.LVL0:
  31:../src/speaker.c **** 	#endif
  32:../src/speaker.c **** }
  35               		.loc 1 32 0
  36 000c 0F90      		pop __tmp_reg__
  37 000e 0F90      		pop __tmp_reg__
  38               	.LCFI2:
  39               		.cfi_def_cfa_offset 3
  40 0010 0895      		ret
  41               		.cfi_endproc
  42               	.LFE36:
  44               		.section	.progmem.data.__c.4752,"a",@progbits
  47               	__c.4752:
  48 0000 4552 524F 		.string	"ERROR: speaker_init called, but this Droplet doesn't have a speaker.\r\n"
  48      523A 2073 
  48      7065 616B 
  48      6572 5F69 
  48      6E69 7420 
  49               		.section	.bss.task_storage_arr,"aw",@nobits
  52               	task_storage_arr:
  53 0000 0000 0000 		.zero	140
  53      0000 0000 
  53      0000 0000 
  53      0000 0000 
  53      0000 0000 
  54               		.comm	task_executing,1,1
  55               		.comm	num_tasks,1,1
  56               		.comm	task_list,2,1
  57               		.comm	rtc_epoch,2,1
  58               		.comm	droplet_ID,2,1
  59               		.text
  60               	.Letext0:
  61               		.file 2 "c:\\program files (x86)\\atmel\\studio\\7.0\\toolchain\\avr8\\avr8-gnu-toolchain\\avr\\in
  62               		.file 3 "../include/droplet_base.h"
  63               		.file 4 "../include/scheduler.h"
  64               		.file 5 "c:\\program files (x86)\\atmel\\studio\\7.0\\toolchain\\avr8\\avr8-gnu-toolchain\\avr\\in
DEFINED SYMBOLS
                            *ABS*:00000000 speaker.c
C:\Users\JOHNK~1\AppData\Local\Temp\ccqESw6B.s:2      *ABS*:0000003e __SP_H__
C:\Users\JOHNK~1\AppData\Local\Temp\ccqESw6B.s:3      *ABS*:0000003d __SP_L__
C:\Users\JOHNK~1\AppData\Local\Temp\ccqESw6B.s:4      *ABS*:0000003f __SREG__
C:\Users\JOHNK~1\AppData\Local\Temp\ccqESw6B.s:5      *ABS*:0000003b __RAMPZ__
C:\Users\JOHNK~1\AppData\Local\Temp\ccqESw6B.s:6      *ABS*:00000034 __CCP__
C:\Users\JOHNK~1\AppData\Local\Temp\ccqESw6B.s:7      *ABS*:00000000 __tmp_reg__
C:\Users\JOHNK~1\AppData\Local\Temp\ccqESw6B.s:8      *ABS*:00000001 __zero_reg__
C:\Users\JOHNK~1\AppData\Local\Temp\ccqESw6B.s:15     .text.speaker_init:00000000 speaker_init
C:\Users\JOHNK~1\AppData\Local\Temp\ccqESw6B.s:47     .progmem.data.__c.4752:00000000 __c.4752
C:\Users\JOHNK~1\AppData\Local\Temp\ccqESw6B.s:52     .bss.task_storage_arr:00000000 task_storage_arr
                            *COM*:00000001 task_executing
                            *COM*:00000001 num_tasks
                            *COM*:00000002 task_list
                            *COM*:00000002 rtc_epoch
                            *COM*:00000002 droplet_ID

UNDEFINED SYMBOLS
printf_P
__do_clear_bss
