\BOOKMARK [0][-]{chapter.1}{\376\377\0001\000\040\000D\000r\000o\000p\000l\000e\000t\000\040\000S\000w\000a\000r\000m\000\040\000R\000o\000b\000o\000t\000i\000c\000\040\000P\000l\000a\000t\000f\000o\000r\000m\000\040\000A\000P\000I}{}% 1
\BOOKMARK [1][-]{section.1.1}{\376\377\0001\000.\0001\000\040\000I\000n\000t\000r\000o\000d\000u\000c\000t\000i\000o\000n}{chapter.1}% 2
\BOOKMARK [1][-]{section.1.2}{\376\377\0001\000.\0002\000\040\000D\000e\000p\000e\000n\000d\000e\000n\000c\000i\000e\000s}{chapter.1}% 3
\BOOKMARK [1][-]{section.1.3}{\376\377\0001\000.\0003\000\040\000I\000n\000s\000t\000a\000l\000l\000a\000t\000i\000o\000n}{chapter.1}% 4
\BOOKMARK [2][-]{subsection.1.3.1}{\376\377\0001\000.\0003\000.\0001\000\040\000S\000t\000e\000p\000\040\0001\000:\000\040\000O\000b\000t\000a\000i\000n\000i\000n\000g\000\040\000S\000o\000u\000r\000c\000e\000\040\000C\000o\000d\000e}{section.1.3}% 5
\BOOKMARK [2][-]{subsection.1.3.2}{\376\377\0001\000.\0003\000.\0002\000\040\000S\000t\000e\000p\000\040\0002\000:\000\040\000B\000u\000i\000l\000d\000i\000n\000g\000\040\000D\000r\000o\000p\000l\000e\000t\000S\000i\000m\000L\000i\000b\000r\000a\000r\000y}{section.1.3}% 6
\BOOKMARK [1][-]{section.1.4}{\376\377\0001\000.\0004\000\040\000H\000o\000w\000\040\000t\000o\000\040\000c\000o\000n\000t\000r\000i\000b\000u\000t\000e}{chapter.1}% 7
\BOOKMARK [2][-]{subsection.1.4.1}{\376\377\0001\000.\0004\000.\0001\000\040\000I\000s\000s\000u\000e\000\040\000T\000r\000a\000c\000k\000e\000r}{section.1.4}% 8
\BOOKMARK [2][-]{subsection.1.4.2}{\376\377\0001\000.\0004\000.\0002\000\040\000C\000o\000n\000t\000a\000c\000t\000i\000n\000g\000\040\000u\000s\000.}{section.1.4}% 9
\BOOKMARK [0][-]{chapter.2}{\376\377\0002\000\040\000D\000e\000p\000r\000e\000c\000a\000t\000e\000d\000\040\000L\000i\000s\000t}{}% 10
\BOOKMARK [0][-]{chapter.3}{\376\377\0003\000\040\000D\000a\000t\000a\000\040\000S\000t\000r\000u\000c\000t\000u\000r\000e\000\040\000I\000n\000d\000e\000x}{}% 11
\BOOKMARK [1][-]{section.3.1}{\376\377\0003\000.\0001\000\040\000D\000a\000t\000a\000\040\000S\000t\000r\000u\000c\000t\000u\000r\000e\000s}{chapter.3}% 12
\BOOKMARK [0][-]{chapter.4}{\376\377\0004\000\040\000F\000i\000l\000e\000\040\000I\000n\000d\000e\000x}{}% 13
\BOOKMARK [1][-]{section.4.1}{\376\377\0004\000.\0001\000\040\000F\000i\000l\000e\000\040\000L\000i\000s\000t}{chapter.4}% 14
\BOOKMARK [0][-]{chapter.5}{\376\377\0005\000\040\000D\000a\000t\000a\000\040\000S\000t\000r\000u\000c\000t\000u\000r\000e\000\040\000D\000o\000c\000u\000m\000e\000n\000t\000a\000t\000i\000o\000n}{}% 15
\BOOKMARK [1][-]{section.5.1}{\376\377\0005\000.\0001\000\040\000l\000i\000s\000t\000\137\000e\000l\000\040\000S\000t\000r\000u\000c\000t\000\040\000R\000e\000f\000e\000r\000e\000n\000c\000e}{chapter.5}% 16
\BOOKMARK [1][-]{section.5.2}{\376\377\0005\000.\0002\000\040\000n\000o\000d\000e\000\040\000S\000t\000r\000u\000c\000t\000\040\000R\000e\000f\000e\000r\000e\000n\000c\000e}{chapter.5}% 17
\BOOKMARK [1][-]{section.5.3}{\376\377\0005\000.\0003\000\040\000r\000n\000b\000\137\000d\000a\000t\000a\000\040\000S\000t\000r\000u\000c\000t\000\040\000R\000e\000f\000e\000r\000e\000n\000c\000e}{chapter.5}% 18
\BOOKMARK [1][-]{section.5.4}{\376\377\0005\000.\0004\000\040\000t\000a\000s\000k\000\040\000S\000t\000r\000u\000c\000t\000\040\000R\000e\000f\000e\000r\000e\000n\000c\000e}{chapter.5}% 19
\BOOKMARK [0][-]{chapter.6}{\376\377\0006\000\040\000F\000i\000l\000e\000\040\000D\000o\000c\000u\000m\000e\000n\000t\000a\000t\000i\000o\000n}{}% 20
\BOOKMARK [1][-]{section.6.1}{\376\377\0006\000.\0001\000\040\000b\000o\000o\000t\000.\000h\000\040\000F\000i\000l\000e\000\040\000R\000e\000f\000e\000r\000e\000n\000c\000e}{chapter.6}% 21
\BOOKMARK [2][-]{subsection.6.1.1}{\376\377\0006\000.\0001\000.\0001\000\040\000D\000e\000t\000a\000i\000l\000e\000d\000\040\000D\000e\000s\000c\000r\000i\000p\000t\000i\000o\000n}{section.6.1}% 22
\BOOKMARK [1][-]{section.6.2}{\376\377\0006\000.\0002\000\040\000d\000e\000l\000a\000y\000\137\000x\000.\000h\000\040\000F\000i\000l\000e\000\040\000R\000e\000f\000e\000r\000e\000n\000c\000e}{chapter.6}% 23
\BOOKMARK [2][-]{subsection.6.2.1}{\376\377\0006\000.\0002\000.\0001\000\040\000D\000e\000t\000a\000i\000l\000e\000d\000\040\000D\000e\000s\000c\000r\000i\000p\000t\000i\000o\000n}{section.6.2}% 24
\BOOKMARK [1][-]{section.6.3}{\376\377\0006\000.\0003\000\040\000d\000r\000o\000p\000l\000e\000t\000\137\000i\000n\000i\000t\000.\000h\000\040\000F\000i\000l\000e\000\040\000R\000e\000f\000e\000r\000e\000n\000c\000e}{chapter.6}% 25
\BOOKMARK [2][-]{subsection.6.3.1}{\376\377\0006\000.\0003\000.\0001\000\040\000D\000e\000t\000a\000i\000l\000e\000d\000\040\000D\000e\000s\000c\000r\000i\000p\000t\000i\000o\000n}{section.6.3}% 26
\BOOKMARK [1][-]{section.6.4}{\376\377\0006\000.\0004\000\040\000e\000c\000c\000.\000h\000\040\000F\000i\000l\000e\000\040\000R\000e\000f\000e\000r\000e\000n\000c\000e}{chapter.6}% 27
\BOOKMARK [2][-]{subsection.6.4.1}{\376\377\0006\000.\0004\000.\0001\000\040\000D\000e\000t\000a\000i\000l\000e\000d\000\040\000D\000e\000s\000c\000r\000i\000p\000t\000i\000o\000n}{section.6.4}% 28
\BOOKMARK [1][-]{section.6.5}{\376\377\0006\000.\0005\000\040\000e\000e\000p\000r\000o\000m\000\137\000d\000r\000i\000v\000e\000r\000.\000h\000\040\000F\000i\000l\000e\000\040\000R\000e\000f\000e\000r\000e\000n\000c\000e}{chapter.6}% 29
\BOOKMARK [2][-]{subsection.6.5.1}{\376\377\0006\000.\0005\000.\0001\000\040\000D\000e\000t\000a\000i\000l\000e\000d\000\040\000D\000e\000s\000c\000r\000i\000p\000t\000i\000o\000n}{section.6.5}% 30
\BOOKMARK [1][-]{section.6.6}{\376\377\0006\000.\0006\000\040\000f\000l\000a\000s\000h\000\137\000a\000p\000i\000.\000h\000\040\000F\000i\000l\000e\000\040\000R\000e\000f\000e\000r\000e\000n\000c\000e}{chapter.6}% 31
\BOOKMARK [2][-]{subsection.6.6.1}{\376\377\0006\000.\0006\000.\0001\000\040\000D\000e\000t\000a\000i\000l\000e\000d\000\040\000D\000e\000s\000c\000r\000i\000p\000t\000i\000o\000n}{section.6.6}% 32
\BOOKMARK [2][-]{subsection.6.6.2}{\376\377\0006\000.\0006\000.\0002\000\040\000M\000a\000c\000r\000o\000\040\000D\000e\000f\000i\000n\000i\000t\000i\000o\000n\000\040\000D\000o\000c\000u\000m\000e\000n\000t\000a\000t\000i\000o\000n}{section.6.6}% 33
\BOOKMARK [3][-]{subsubsection.6.6.2.1}{\376\377\0006\000.\0006\000.\0002\000.\0001\000\040\000N\000V\000M\000\137\000E\000X\000E\000C}{subsection.6.6.2}% 34
\BOOKMARK [2][-]{subsection.6.6.3}{\376\377\0006\000.\0006\000.\0003\000\040\000F\000u\000n\000c\000t\000i\000o\000n\000\040\000D\000o\000c\000u\000m\000e\000n\000t\000a\000t\000i\000o\000n}{section.6.6}% 35
\BOOKMARK [3][-]{subsubsection.6.6.3.1}{\376\377\0006\000.\0006\000.\0003\000.\0001\000\040\000F\000L\000A\000S\000H\000\137\000E\000r\000a\000s\000e\000A\000p\000p\000l\000i\000c\000a\000t\000i\000o\000n\000S\000e\000c\000t\000i\000o\000n\000s}{subsection.6.6.3}% 36
\BOOKMARK [3][-]{subsubsection.6.6.3.2}{\376\377\0006\000.\0006\000.\0003\000.\0002\000\040\000F\000L\000A\000S\000H\000\137\000E\000r\000a\000s\000e\000W\000r\000i\000t\000e\000A\000p\000p\000l\000i\000c\000a\000t\000i\000o\000n\000P\000a\000g\000e}{subsection.6.6.3}% 37
\BOOKMARK [3][-]{subsubsection.6.6.3.3}{\376\377\0006\000.\0006\000.\0003\000.\0003\000\040\000F\000L\000A\000S\000H\000\137\000F\000l\000u\000s\000h\000F\000l\000a\000s\000P\000a\000g\000e\000B\000u\000f\000f\000e\000r}{subsection.6.6.3}% 38
\BOOKMARK [3][-]{subsubsection.6.6.3.4}{\376\377\0006\000.\0006\000.\0003\000.\0004\000\040\000F\000L\000A\000S\000H\000\137\000L\000o\000a\000d\000F\000l\000a\000s\000h\000P\000a\000g\000e\000B\000u\000f\000f\000e\000r}{subsection.6.6.3}% 39
\BOOKMARK [3][-]{subsubsection.6.6.3.5}{\376\377\0006\000.\0006\000.\0003\000.\0005\000\040\000F\000L\000A\000S\000H\000\137\000W\000a\000i\000t\000F\000o\000r\000N\000V\000M}{subsection.6.6.3}% 40
\BOOKMARK [1][-]{section.6.7}{\376\377\0006\000.\0007\000\040\000i\000r\000\137\000c\000o\000m\000m\000.\000h\000\040\000F\000i\000l\000e\000\040\000R\000e\000f\000e\000r\000e\000n\000c\000e}{chapter.6}% 41
\BOOKMARK [2][-]{subsection.6.7.1}{\376\377\0006\000.\0007\000.\0001\000\040\000D\000e\000t\000a\000i\000l\000e\000d\000\040\000D\000e\000s\000c\000r\000i\000p\000t\000i\000o\000n}{section.6.7}% 42
\BOOKMARK [1][-]{section.6.8}{\376\377\0006\000.\0008\000\040\000i\000r\000\137\000s\000e\000n\000s\000o\000r\000.\000h\000\040\000F\000i\000l\000e\000\040\000R\000e\000f\000e\000r\000e\000n\000c\000e}{chapter.6}% 43
\BOOKMARK [2][-]{subsection.6.8.1}{\376\377\0006\000.\0008\000.\0001\000\040\000D\000e\000t\000a\000i\000l\000e\000d\000\040\000D\000e\000s\000c\000r\000i\000p\000t\000i\000o\000n}{section.6.8}% 44
\BOOKMARK [2][-]{subsection.6.8.2}{\376\377\0006\000.\0008\000.\0002\000\040\000F\000u\000n\000c\000t\000i\000o\000n\000\040\000D\000o\000c\000u\000m\000e\000n\000t\000a\000t\000i\000o\000n}{section.6.8}% 45
\BOOKMARK [3][-]{subsubsection.6.8.2.1}{\376\377\0006\000.\0008\000.\0002\000.\0001\000\040\000c\000h\000e\000c\000k\000\137\000c\000o\000l\000l\000i\000s\000i\000o\000n\000s}{subsection.6.8.2}% 46
\BOOKMARK [1][-]{section.6.9}{\376\377\0006\000.\0009\000\040\000s\000p\000\137\000d\000r\000i\000v\000e\000r\000.\000h\000\040\000F\000i\000l\000e\000\040\000R\000e\000f\000e\000r\000e\000n\000c\000e}{chapter.6}% 47
\BOOKMARK [2][-]{subsection.6.9.1}{\376\377\0006\000.\0009\000.\0001\000\040\000D\000e\000t\000a\000i\000l\000e\000d\000\040\000D\000e\000s\000c\000r\000i\000p\000t\000i\000o\000n}{section.6.9}% 48
\BOOKMARK [2][-]{subsection.6.9.2}{\376\377\0006\000.\0009\000.\0002\000\040\000F\000u\000n\000c\000t\000i\000o\000n\000\040\000D\000o\000c\000u\000m\000e\000n\000t\000a\000t\000i\000o\000n}{section.6.9}% 49
\BOOKMARK [3][-]{subsubsection.6.9.2.1}{\376\377\0006\000.\0009\000.\0002\000.\0001\000\040\000S\000P\000\137\000A\000p\000p\000l\000i\000c\000a\000t\000i\000o\000n\000C\000R\000C}{subsection.6.9.2}% 50
\BOOKMARK [3][-]{subsubsection.6.9.2.2}{\376\377\0006\000.\0009\000.\0002\000.\0002\000\040\000S\000P\000\137\000B\000o\000o\000t\000C\000R\000C}{subsection.6.9.2}% 51
\BOOKMARK [3][-]{subsubsection.6.9.2.3}{\376\377\0006\000.\0009\000.\0002\000.\0003\000\040\000S\000P\000\137\000E\000r\000a\000s\000e\000A\000p\000p\000l\000i\000c\000a\000t\000i\000o\000n\000P\000a\000g\000e}{subsection.6.9.2}% 52
\BOOKMARK [3][-]{subsubsection.6.9.2.4}{\376\377\0006\000.\0009\000.\0002\000.\0004\000\040\000S\000P\000\137\000E\000r\000a\000s\000e\000A\000p\000p\000l\000i\000c\000a\000t\000i\000o\000n\000S\000e\000c\000t\000i\000o\000n}{subsection.6.9.2}% 53
\BOOKMARK [3][-]{subsubsection.6.9.2.5}{\376\377\0006\000.\0009\000.\0002\000.\0005\000\040\000S\000P\000\137\000E\000r\000a\000s\000e\000B\000o\000o\000t\000P\000a\000g\000e}{subsection.6.9.2}% 54
\BOOKMARK [3][-]{subsubsection.6.9.2.6}{\376\377\0006\000.\0009\000.\0002\000.\0006\000\040\000S\000P\000\137\000E\000r\000a\000s\000e\000F\000l\000a\000s\000h\000B\000u\000f\000f\000e\000r}{subsection.6.9.2}% 55
\BOOKMARK [3][-]{subsubsection.6.9.2.7}{\376\377\0006\000.\0009\000.\0002\000.\0007\000\040\000S\000P\000\137\000E\000r\000a\000s\000e\000U\000s\000e\000r\000S\000i\000g\000n\000a\000t\000u\000r\000e\000R\000o\000w}{subsection.6.9.2}% 56
\BOOKMARK [3][-]{subsubsection.6.9.2.8}{\376\377\0006\000.\0009\000.\0002\000.\0008\000\040\000S\000P\000\137\000E\000r\000a\000s\000e\000W\000r\000i\000t\000e\000A\000p\000p\000l\000i\000c\000a\000t\000i\000o\000n\000P\000a\000g\000e}{subsection.6.9.2}% 57
\BOOKMARK [3][-]{subsubsection.6.9.2.9}{\376\377\0006\000.\0009\000.\0002\000.\0009\000\040\000S\000P\000\137\000E\000r\000a\000s\000e\000W\000r\000i\000t\000e\000B\000o\000o\000t\000P\000a\000g\000e}{subsection.6.9.2}% 58
\BOOKMARK [3][-]{subsubsection.6.9.2.10}{\376\377\0006\000.\0009\000.\0002\000.\0001\0000\000\040\000S\000P\000\137\000L\000o\000a\000d\000F\000l\000a\000s\000h\000P\000a\000g\000e}{subsection.6.9.2}% 59
\BOOKMARK [3][-]{subsubsection.6.9.2.11}{\376\377\0006\000.\0009\000.\0002\000.\0001\0001\000\040\000S\000P\000\137\000L\000o\000a\000d\000F\000l\000a\000s\000h\000W\000o\000r\000d}{subsection.6.9.2}% 60
\BOOKMARK [3][-]{subsubsection.6.9.2.12}{\376\377\0006\000.\0009\000.\0002\000.\0001\0002\000\040\000S\000P\000\137\000L\000o\000c\000k\000S\000P\000M}{subsection.6.9.2}% 61
\BOOKMARK [3][-]{subsubsection.6.9.2.13}{\376\377\0006\000.\0009\000.\0002\000.\0001\0003\000\040\000S\000P\000\137\000R\000e\000a\000d\000B\000y\000t\000e}{subsection.6.9.2}% 62
\BOOKMARK [3][-]{subsubsection.6.9.2.14}{\376\377\0006\000.\0009\000.\0002\000.\0001\0004\000\040\000S\000P\000\137\000R\000e\000a\000d\000C\000a\000l\000i\000b\000r\000a\000t\000i\000o\000n\000B\000y\000t\000e}{subsection.6.9.2}% 63
\BOOKMARK [3][-]{subsubsection.6.9.2.15}{\376\377\0006\000.\0009\000.\0002\000.\0001\0005\000\040\000S\000P\000\137\000R\000e\000a\000d\000F\000l\000a\000s\000h\000P\000a\000g\000e}{subsection.6.9.2}% 64
\BOOKMARK [3][-]{subsubsection.6.9.2.16}{\376\377\0006\000.\0009\000.\0002\000.\0001\0006\000\040\000S\000P\000\137\000R\000e\000a\000d\000F\000u\000s\000e\000B\000y\000t\000e}{subsection.6.9.2}% 65
\BOOKMARK [3][-]{subsubsection.6.9.2.17}{\376\377\0006\000.\0009\000.\0002\000.\0001\0007\000\040\000S\000P\000\137\000R\000e\000a\000d\000L\000o\000c\000k\000B\000i\000t\000s}{subsection.6.9.2}% 66
\BOOKMARK [3][-]{subsubsection.6.9.2.18}{\376\377\0006\000.\0009\000.\0002\000.\0001\0008\000\040\000S\000P\000\137\000R\000e\000a\000d\000U\000s\000e\000r\000S\000i\000g\000n\000a\000t\000u\000r\000e\000B\000y\000t\000e}{subsection.6.9.2}% 67
\BOOKMARK [3][-]{subsubsection.6.9.2.19}{\376\377\0006\000.\0009\000.\0002\000.\0001\0009\000\040\000S\000P\000\137\000R\000e\000a\000d\000W\000o\000r\000d}{subsection.6.9.2}% 68
\BOOKMARK [3][-]{subsubsection.6.9.2.20}{\376\377\0006\000.\0009\000.\0002\000.\0002\0000\000\040\000S\000P\000\137\000W\000a\000i\000t\000F\000o\000r\000S\000P\000M}{subsection.6.9.2}% 69
\BOOKMARK [3][-]{subsubsection.6.9.2.21}{\376\377\0006\000.\0009\000.\0002\000.\0002\0001\000\040\000S\000P\000\137\000W\000r\000i\000t\000e\000A\000p\000p\000l\000i\000c\000a\000t\000i\000o\000n\000P\000a\000g\000e}{subsection.6.9.2}% 70
\BOOKMARK [3][-]{subsubsection.6.9.2.22}{\376\377\0006\000.\0009\000.\0002\000.\0002\0002\000\040\000S\000P\000\137\000W\000r\000i\000t\000e\000B\000o\000o\000t\000P\000a\000g\000e}{subsection.6.9.2}% 71
\BOOKMARK [3][-]{subsubsection.6.9.2.23}{\376\377\0006\000.\0009\000.\0002\000.\0002\0003\000\040\000S\000P\000\137\000W\000r\000i\000t\000e\000L\000o\000c\000k\000B\000i\000t\000s}{subsection.6.9.2}% 72
\BOOKMARK [3][-]{subsubsection.6.9.2.24}{\376\377\0006\000.\0009\000.\0002\000.\0002\0004\000\040\000S\000P\000\137\000W\000r\000i\000t\000e\000U\000s\000e\000r\000S\000i\000g\000n\000a\000t\000u\000r\000e\000R\000o\000w}{subsection.6.9.2}% 73
